<?xml version="1.0" encoding="utf-8"?><testsuites name="pytest tests"><testsuite name="pytest" errors="0" failures="0" skipped="0" tests="128" time="0.241" timestamp="2026-07-05T18:46:14.363439-07:00" hostname="macklin.jpl.nasa.gov"><testcase classname="tests.test_compat.TestSafeLoadScalar" name="test_string" time="0.070" /><testcase classname="tests.test_compat.TestSafeLoadScalar" name="test_integer" time="0.000" /><testcase classname="tests.test_compat.TestSafeLoadScalar" name="test_negative_integer" time="0.000" /><testcase classname="tests.test_compat.TestSafeLoadScalar" name="test_hex_integer" time="0.000" /><testcase classname="tests.test_compat.TestSafeLoadScalar" name="test_octal_integer" time="0.000" /><testcase classname="tests.test_compat.TestSafeLoadScalar" name="test_float" time="0.000" /><testcase classname="tests.test_compat.TestSafeLoadScalar" name="test_negative_float" time="0.000" /><testcase classname="tests.test_compat.TestSafeLoadScalar" name="test_scientific_float" time="0.000" /><testcase classname="tests.test_compat.TestSafeLoadScalar" name="test_true" time="0.000" /><testcase classname="tests.test_compat.TestSafeLoadScalar" name="test_True" time="0.000" /><testcase classname="tests.test_compat.TestSafeLoadScalar" name="test_false" time="0.000" /><testcase classname="tests.test_compat.TestSafeLoadScalar" name="test_null" time="0.000" /><testcase classname="tests.test_compat.TestSafeLoadScalar" name="test_tilde_null" time="0.000" /><testcase classname="tests.test_compat.TestSafeLoadScalar" name="test_inf" time="0.000" /><testcase classname="tests.test_compat.TestSafeLoadScalar" name="test_neg_inf" time="0.000" /><testcase classname="tests.test_compat.TestSafeLoadScalar" name="test_nan" time="0.000" /><testcase classname="tests.test_compat.TestSafeLoadScalar" name="test_quoted_stays_string" time="0.000" /><testcase classname="tests.test_compat.TestSafeLoadScalar" name="test_quoted_true_stays_string" time="0.000" /><testcase classname="tests.test_compat.TestSafeLoadStructures" name="test_mapping" time="0.000" /><testcase classname="tests.test_compat.TestSafeLoadStructures" name="test_mapping_with_int_values" time="0.000" /><testcase classname="tests.test_compat.TestSafeLoadStructures" name="test_sequence" time="0.000" /><testcase classname="tests.test_compat.TestSafeLoadStructures" name="test_flow_sequence" time="0.000" /><testcase classname="tests.test_compat.TestSafeLoadStructures" name="test_nested" time="0.000" /><testcase classname="tests.test_compat.TestSafeLoadStructures" name="test_sequence_of_mappings" time="0.000" /><testcase classname="tests.test_compat.TestSafeLoadStructures" name="test_empty_mapping" time="0.000" /><testcase classname="tests.test_compat.TestSafeLoadStructures" name="test_empty_sequence" time="0.000" /><testcase classname="tests.test_compat.TestSafeLoadStructures" name="test_deeply_nested" time="0.000" /><testcase classname="tests.test_compat.TestSafeLoadInputTypes" name="test_bytes_input" time="0.000" /><testcase classname="tests.test_compat.TestSafeLoadInputTypes" name="test_path_input" time="0.002" /><testcase classname="tests.test_compat.TestSafeLoadInputTypes" name="test_file_like_input" time="0.000" /><testcase classname="tests.test_compat.TestSafeLoadInputTypes" name="test_bytes_file_like" time="0.000" /><testcase classname="tests.test_compat.TestSafeLoadInputTypes" name="test_bad_input_type" time="0.000" /><testcase classname="tests.test_compat.TestSafeLoadLimits" name="test_default_limits" time="0.000" /><testcase classname="tests.test_compat.TestSafeLoadLimits" name="test_limits_yaml_string" time="0.000" /><testcase classname="tests.test_compat.TestSafeLoadLimits" name="test_limits_from_file" time="0.001" /><testcase classname="tests.test_compat.TestSafeLoadAll" name="test_multi_doc" time="0.000" /><testcase classname="tests.test_compat.TestSafeLoadAll" name="test_single_doc" time="0.000" /><testcase classname="tests.test_compat.TestSafeLoadAll" name="test_returns_iterator" time="0.000" /><testcase classname="tests.test_compat.TestSafeLoadAll" name="test_multi_doc_with_limits" time="0.000" /><testcase classname="tests.test_compat.TestSafeDump" name="test_dump_string" time="0.000" /><testcase classname="tests.test_compat.TestSafeDump" name="test_dump_integer" time="0.000" /><testcase classname="tests.test_compat.TestSafeDump" name="test_dump_mapping" time="0.000" /><testcase classname="tests.test_compat.TestSafeDump" name="test_dump_sequence" time="0.000" /><testcase classname="tests.test_compat.TestSafeDump" name="test_dump_nested" time="0.000" /><testcase classname="tests.test_compat.TestSafeDump" name="test_dump_none" time="0.000" /><testcase classname="tests.test_compat.TestSafeDump" name="test_dump_bool" time="0.000" /><testcase classname="tests.test_compat.TestSafeDump" name="test_dump_to_stream" time="0.000" /><testcase classname="tests.test_compat.TestSafeDump" name="test_dump_with_config" time="0.000" /><testcase classname="tests.test_compat.TestSafeDump" name="test_dump_unsupported_type" time="0.000" /><testcase classname="tests.test_compat.TestSafeDumpAll" name="test_dump_multiple" time="0.000" /><testcase classname="tests.test_compat.TestSafeDumpAll" name="test_dump_all_to_stream" time="0.000" /><testcase classname="tests.test_compat.TestToPython" name="test_scalar_to_python" time="0.000" /><testcase classname="tests.test_compat.TestToPython" name="test_bool_to_python" time="0.000" /><testcase classname="tests.test_compat.TestToPython" name="test_null_to_python" time="0.000" /><testcase classname="tests.test_compat.TestToPython" name="test_mapping_to_python" time="0.000" /><testcase classname="tests.test_compat.TestToPython" name="test_sequence_to_python" time="0.000" /><testcase classname="tests.test_compat.TestToPython" name="test_nested_to_python" time="0.000" /><testcase classname="tests.test_compat.TestCompatRoundTrip" name="test_string" time="0.000" /><testcase classname="tests.test_compat.TestCompatRoundTrip" name="test_integer" time="0.000" /><testcase classname="tests.test_compat.TestCompatRoundTrip" name="test_mapping" time="0.000" /><testcase classname="tests.test_compat.TestCompatRoundTrip" name="test_sequence" time="0.000" /><testcase classname="tests.test_compat.TestCompatRoundTrip" name="test_nested" time="0.000" /><testcase classname="tests.test_compat.TestCompatRoundTrip" name="test_bool" time="0.000" /><testcase classname="tests.test_compat.TestCompatRoundTrip" name="test_none" time="0.000" /><testcase classname="tests.test_compat.TestCompatRoundTrip" name="test_negative_int" time="0.000" /><testcase classname="tests.test_compat.TestCompatRoundTrip" name="test_negative_float" time="0.000" /><testcase classname="tests.test_compat.TestCompatRoundTrip" name="test_non_string_keys" time="0.000" /><testcase classname="tests.test_compat.TestCompatRoundTrip" name="test_quoted_string_value" time="0.000" /><testcase classname="tests.test_compat.TestSafeDumpConfig" name="test_bad_config_value_raises" time="0.000" /><testcase classname="tests.test_compat.TestSafeDumpConfig" name="test_bad_config_enum_raises" time="0.000" /><testcase classname="tests.test_compat.TestSafeDumpConfig" name="test_negative_int_config_raises" time="0.000" /><testcase classname="tests.test_compat.TestSafeDumpConfig" name="test_malformed_config_raises_config_error" time="0.000" /><testcase classname="tests.test_compat.TestSafeDumpConfig" name="test_valid_config_keeps_fidelity" time="0.000" /><testcase classname="tests.test_compat.TestSafeDumpConfig" name="test_dump_all_documents_reparse" time="0.000" /><testcase classname="tests.test_dump.TestDump" name="test_dump_scalar" time="0.000" /><testcase classname="tests.test_dump.TestDump" name="test_dump_mapping" time="0.000" /><testcase classname="tests.test_dump.TestDump" name="test_dump_sequence" time="0.000" /><testcase classname="tests.test_dump.TestDump" name="test_repr_uses_dump" time="0.000" /><testcase classname="tests.test_dump.TestDumpConfigured" name="test_configured_dump" time="0.000" /><testcase classname="tests.test_limits.TestPresets" name="test_default_preset" time="0.000" /><testcase classname="tests.test_limits.TestPresets" name="test_strict_preset" time="0.000" /><testcase classname="tests.test_limits.TestPresets" name="test_permissive_preset" time="0.000" /><testcase classname="tests.test_limits.TestPresets" name="test_unlimited_preset" time="0.000" /><testcase classname="tests.test_limits.TestPresets" name="test_safe_tags_preset" time="0.000" /><testcase classname="tests.test_limits.TestStrictLimits" name="test_deeply_nested_rejected" time="0.001" /><testcase classname="tests.test_limits.TestConfigYaml" name="test_parse_limits_yaml" time="0.000" /><testcase classname="tests.test_limits.TestConfigYaml" name="test_invalid_config" time="0.000" /><testcase classname="tests.test_parse.TestLoadScalar" name="test_plain_scalar" time="0.000" /><testcase classname="tests.test_parse.TestLoadScalar" name="test_quoted_scalar" time="0.000" /><testcase classname="tests.test_parse.TestLoadScalar" name="test_integer_scalar" time="0.000" /><testcase classname="tests.test_parse.TestLoadSequence" name="test_block_sequence" time="0.000" /><testcase classname="tests.test_parse.TestLoadSequence" name="test_flow_sequence" time="0.000" /><testcase classname="tests.test_parse.TestLoadSequence" name="test_index" time="0.000" /><testcase classname="tests.test_parse.TestLoadSequence" name="test_index_out_of_range" time="0.000" /><testcase classname="tests.test_parse.TestLoadSequence" name="test_iterate" time="0.000" /><testcase classname="tests.test_parse.TestLoadMapping" name="test_block_mapping" time="0.000" /><testcase classname="tests.test_parse.TestLoadMapping" name="test_flow_mapping" time="0.000" /><testcase classname="tests.test_parse.TestLoadMapping" name="test_as_dict" time="0.000" /><testcase classname="tests.test_parse.TestLoadMapping" name="test_keys" time="0.000" /><testcase classname="tests.test_parse.TestLoadMapping" name="test_contains" time="0.000" /><testcase classname="tests.test_parse.TestLoadMapping" name="test_missing_key" time="0.000" /><testcase classname="tests.test_parse.TestLoadNested" name="test_mapping_with_sequence" time="0.000" /><testcase classname="tests.test_parse.TestLoadNested" name="test_sequence_of_mappings" time="0.000" /><testcase classname="tests.test_parse.TestLoadAll" name="test_multi_doc" time="0.000" /><testcase classname="tests.test_parse.TestLoadAll" name="test_single_doc_via_load_all" time="0.000" /><testcase classname="tests.test_parse.TestParseErrors" name="test_invalid_yaml" time="0.000" /><testcase classname="tests.test_parse.TestParseErrors" name="test_bad_preset_name" time="0.000" /><testcase classname="tests.test_parse.TestTagAnchor" name="test_tag" time="0.000" /><testcase classname="tests.test_parse.TestTagAnchor" name="test_no_anchor" time="0.000" /><testcase classname="tests.test_parse.TestScalarStyle" name="test_plain" time="0.000" /><testcase classname="tests.test_parse.TestScalarStyle" name="test_single_quoted" time="0.000" /><testcase classname="tests.test_parse.TestScalarStyle" name="test_double_quoted" time="0.000" /><testcase classname="tests.test_parse.TestScalarStyle" name="test_literal" time="0.000" /><testcase classname="tests.test_parse.TestScalarStyle" name="test_folded" time="0.000" /><testcase classname="tests.test_parse.TestScalarStyle" name="test_non_scalar_has_no_style" time="0.000" /><testcase classname="tests.test_parse.TestTypeErrors" name="test_as_str_on_sequence" time="0.000" /><testcase classname="tests.test_parse.TestTypeErrors" name="test_as_list_on_scalar" time="0.000" /><testcase classname="tests.test_parse.TestTypeErrors" name="test_as_dict_on_scalar" time="0.000" /><testcase classname="tests.test_parse.TestTypeErrors" name="test_int_index_on_mapping" time="0.000" /><testcase classname="tests.test_parse.TestTypeErrors" name="test_str_key_on_sequence" time="0.000" /><testcase classname="tests.test_parse.TestTypeErrors" name="test_len_on_scalar" time="0.000" /><testcase classname="tests.test_roundtrip.TestRoundTrip" name="test_scalar" time="0.000" /><testcase classname="tests.test_roundtrip.TestRoundTrip" name="test_simple_mapping" time="0.000" /><testcase classname="tests.test_roundtrip.TestRoundTrip" name="test_simple_sequence" time="0.000" /><testcase classname="tests.test_roundtrip.TestRoundTrip" name="test_nested_structure" time="0.000" /><testcase classname="tests.test_roundtrip.TestRoundTrip" name="test_flow_sequence" time="0.000" /><testcase classname="tests.test_roundtrip.TestRoundTrip" name="test_empty_mapping" time="0.000" /><testcase classname="tests.test_roundtrip.TestRoundTrip" name="test_multiline_scalar" time="0.000" /></testsuite></testsuites>