<?xml version="1.0" encoding="utf-8"?><testsuites name="pytest tests"><testsuite name="pytest" errors="0" failures="0" skipped="0" tests="78" time="0.187" timestamp="2026-07-05T18:46:13.992147-07:00" hostname="macklin.jpl.nasa.gov"><testcase classname="Tests.test_python_ffi.TestScalarParsing" name="test_plain_scalar" time="0.079" /><testcase classname="Tests.test_python_ffi.TestScalarParsing" name="test_double_quoted" time="0.000" /><testcase classname="Tests.test_python_ffi.TestScalarParsing" name="test_single_quoted" time="0.000" /><testcase classname="Tests.test_python_ffi.TestScalarParsing" name="test_integer_as_string" time="0.000" /><testcase classname="Tests.test_python_ffi.TestScalarParsing" name="test_boolean_as_string" time="0.000" /><testcase classname="Tests.test_python_ffi.TestScalarParsing" name="test_null_as_string" time="0.000" /><testcase classname="Tests.test_python_ffi.TestScalarParsing" name="test_empty_string" time="0.001" /><testcase classname="Tests.test_python_ffi.TestScalarParsing" name="test_multiline_literal" time="0.000" /><testcase classname="Tests.test_python_ffi.TestScalarParsing" name="test_multiline_folded" time="0.000" /><testcase classname="Tests.test_python_ffi.TestScalarParsing" name="test_unicode_scalar" time="0.000" /><testcase classname="Tests.test_python_ffi.TestSequenceParsing" name="test_block_sequence" time="0.000" /><testcase classname="Tests.test_python_ffi.TestSequenceParsing" name="test_flow_sequence" time="0.000" /><testcase classname="Tests.test_python_ffi.TestSequenceParsing" name="test_as_list" time="0.000" /><testcase classname="Tests.test_python_ffi.TestSequenceParsing" name="test_index_access" time="0.000" /><testcase classname="Tests.test_python_ffi.TestSequenceParsing" name="test_negative_index" time="0.000" /><testcase classname="Tests.test_python_ffi.TestSequenceParsing" name="test_index_out_of_range" time="0.000" /><testcase classname="Tests.test_python_ffi.TestSequenceParsing" name="test_iteration" time="0.000" /><testcase classname="Tests.test_python_ffi.TestSequenceParsing" name="test_empty_sequence" time="0.000" /><testcase classname="Tests.test_python_ffi.TestSequenceParsing" name="test_nested_sequences" time="0.000" /><testcase classname="Tests.test_python_ffi.TestMappingParsing" name="test_block_mapping" time="0.000" /><testcase classname="Tests.test_python_ffi.TestMappingParsing" name="test_flow_mapping" time="0.000" /><testcase classname="Tests.test_python_ffi.TestMappingParsing" name="test_as_dict" time="0.000" /><testcase classname="Tests.test_python_ffi.TestMappingParsing" name="test_keys" time="0.000" /><testcase classname="Tests.test_python_ffi.TestMappingParsing" name="test_items" time="0.000" /><testcase classname="Tests.test_python_ffi.TestMappingParsing" name="test_contains" time="0.000" /><testcase classname="Tests.test_python_ffi.TestMappingParsing" name="test_missing_key_raises" time="0.000" /><testcase classname="Tests.test_python_ffi.TestMappingParsing" name="test_empty_mapping" time="0.000" /><testcase classname="Tests.test_python_ffi.TestNestedStructures" name="test_mapping_with_sequence" time="0.000" /><testcase classname="Tests.test_python_ffi.TestNestedStructures" name="test_sequence_of_mappings" time="0.000" /><testcase classname="Tests.test_python_ffi.TestNestedStructures" name="test_deep_nesting" time="0.000" /><testcase classname="Tests.test_python_ffi.TestNestedStructures" name="test_mixed_collections" time="0.000" /><testcase classname="Tests.test_python_ffi.TestMultiDocument" name="test_two_documents" time="0.000" /><testcase classname="Tests.test_python_ffi.TestMultiDocument" name="test_single_doc_via_load_all" time="0.000" /><testcase classname="Tests.test_python_ffi.TestMultiDocument" name="test_document_type" time="0.000" /><testcase classname="Tests.test_python_ffi.TestDump" name="test_dump_scalar" time="0.000" /><testcase classname="Tests.test_python_ffi.TestDump" name="test_dump_mapping" time="0.000" /><testcase classname="Tests.test_python_ffi.TestDump" name="test_dump_sequence" time="0.000" /><testcase classname="Tests.test_python_ffi.TestDump" name="test_dump_configured" time="0.000" /><testcase classname="Tests.test_python_ffi.TestDump" name="test_repr_uses_dump" time="0.000" /><testcase classname="Tests.test_python_ffi.TestRoundTrip" name="test_scalar_roundtrip" time="0.000" /><testcase classname="Tests.test_python_ffi.TestRoundTrip" name="test_mapping_roundtrip" time="0.000" /><testcase classname="Tests.test_python_ffi.TestRoundTrip" name="test_sequence_roundtrip" time="0.000" /><testcase classname="Tests.test_python_ffi.TestRoundTrip" name="test_nested_roundtrip" time="0.000" /><testcase classname="Tests.test_python_ffi.TestRoundTrip" name="test_flow_sequence_values" time="0.000" /><testcase classname="Tests.test_python_ffi.TestRoundTrip" name="test_empty_mapping_roundtrip" time="0.000" /><testcase classname="Tests.test_python_ffi.TestRoundTrip" name="test_multiline_roundtrip" time="0.000" /><testcase classname="Tests.test_python_ffi.TestLimitPresets" name="test_preset_parses[default]" time="0.000" /><testcase classname="Tests.test_python_ffi.TestLimitPresets" name="test_preset_parses[strict]" time="0.000" /><testcase classname="Tests.test_python_ffi.TestLimitPresets" name="test_preset_parses[permissive]" time="0.000" /><testcase classname="Tests.test_python_ffi.TestLimitPresets" name="test_preset_parses[unlimited]" time="0.000" /><testcase classname="Tests.test_python_ffi.TestLimitPresets" name="test_preset_parses[safe_tags]" time="0.000" /><testcase classname="Tests.test_python_ffi.TestLimitPresets" name="test_bad_preset_name" time="0.000" /><testcase classname="Tests.test_python_ffi.TestLimitPresets" name="test_strict_rejects_deep_nesting" time="0.001" /><testcase classname="Tests.test_python_ffi.TestConfigYaml" name="test_parse_limits_yaml" time="0.000" /><testcase classname="Tests.test_python_ffi.TestConfigYaml" name="test_invalid_config_yaml" time="0.000" /><testcase classname="Tests.test_python_ffi.TestErrorHandling" name="test_unclosed_flow_sequence" time="0.000" /><testcase classname="Tests.test_python_ffi.TestErrorHandling" name="test_unclosed_flow_mapping" time="0.000" /><testcase classname="Tests.test_python_ffi.TestErrorHandling" name="test_tab_in_indentation" time="0.000" /><testcase classname="Tests.test_python_ffi.TestErrorHandling" name="test_error_message_nonempty" time="0.000" /><testcase classname="Tests.test_python_ffi.TestTypeSafety" name="test_as_str_on_sequence" time="0.000" /><testcase classname="Tests.test_python_ffi.TestTypeSafety" name="test_as_str_on_mapping" time="0.000" /><testcase classname="Tests.test_python_ffi.TestTypeSafety" name="test_as_list_on_scalar" time="0.000" /><testcase classname="Tests.test_python_ffi.TestTypeSafety" name="test_as_dict_on_scalar" time="0.000" /><testcase classname="Tests.test_python_ffi.TestTypeSafety" name="test_int_index_on_mapping" time="0.000" /><testcase classname="Tests.test_python_ffi.TestTypeSafety" name="test_string_index_on_sequence" time="0.000" /><testcase classname="Tests.test_python_ffi.TestTagAnchor" name="test_explicit_tag" time="0.000" /><testcase classname="Tests.test_python_ffi.TestTagAnchor" name="test_no_tag" time="0.000" /><testcase classname="Tests.test_python_ffi.TestTagAnchor" name="test_no_anchor" time="0.000" /><testcase classname="Tests.test_python_ffi.TestValueEquality" name="test_equal_scalars" time="0.001" /><testcase classname="Tests.test_python_ffi.TestValueEquality" name="test_unequal_scalars" time="0.000" /><testcase classname="Tests.test_python_ffi.TestValueEquality" name="test_equal_mappings" time="0.000" /><testcase classname="Tests.test_python_ffi.TestValueEquality" name="test_hash_consistency" time="0.000" /><testcase classname="Tests.test_python_ffi.TestMemorySafety" name="test_repeated_kind_access" time="0.000" /><testcase classname="Tests.test_python_ffi.TestMemorySafety" name="test_repeated_as_str" time="0.000" /><testcase classname="Tests.test_python_ffi.TestMemorySafety" name="test_repeated_len" time="0.000" /><testcase classname="Tests.test_python_ffi.TestMemorySafety" name="test_repeated_index" time="0.000" /><testcase classname="Tests.test_python_ffi.TestMemorySafety" name="test_repeated_dump" time="0.000" /><testcase classname="Tests.test_python_ffi.TestMemorySafety" name="test_many_parses" time="0.001" /></testsuite></testsuites>